\BOOKMARK [0][-]{chapter.1}{\376\377\0001\000\040\000R\000a\000s\000p\000b\000e\000r\000r\000y\000\040\000P\000i\000\040\000c\000o\000d\000e}{}% 1
\BOOKMARK [0][-]{chapter.2}{\376\377\0002\000\040\000N\000a\000m\000e\000s\000p\000a\000c\000e\000\040\000I\000n\000d\000e\000x}{}% 2
\BOOKMARK [1][-]{section.2.1}{\376\377\0002\000.\0001\000\040\000P\000a\000c\000k\000a\000g\000e\000s}{chapter.2}% 3
\BOOKMARK [0][-]{chapter.3}{\376\377\0003\000\040\000C\000l\000a\000s\000s\000\040\000I\000n\000d\000e\000x}{}% 4
\BOOKMARK [1][-]{section.3.1}{\376\377\0003\000.\0001\000\040\000C\000l\000a\000s\000s\000\040\000L\000i\000s\000t}{chapter.3}% 5
\BOOKMARK [0][-]{chapter.4}{\376\377\0004\000\040\000F\000i\000l\000e\000\040\000I\000n\000d\000e\000x}{}% 6
\BOOKMARK [1][-]{section.4.1}{\376\377\0004\000.\0001\000\040\000F\000i\000l\000e\000\040\000L\000i\000s\000t}{chapter.4}% 7
\BOOKMARK [0][-]{chapter.5}{\376\377\0005\000\040\000N\000a\000m\000e\000s\000p\000a\000c\000e\000\040\000D\000o\000c\000u\000m\000e\000n\000t\000a\000t\000i\000o\000n}{}% 8
\BOOKMARK [1][-]{section.5.1}{\376\377\0005\000.\0001\000\040\000m\000a\000i\000n\0003\000\040\000N\000a\000m\000e\000s\000p\000a\000c\000e\000\040\000R\000e\000f\000e\000r\000e\000n\000c\000e}{chapter.5}% 9
\BOOKMARK [2][-]{subsection.5.1.1}{\376\377\0005\000.\0001\000.\0001\000\040\000F\000u\000n\000c\000t\000i\000o\000n\000\040\000D\000o\000c\000u\000m\000e\000n\000t\000a\000t\000i\000o\000n}{section.5.1}% 10
\BOOKMARK [3][-]{subsubsection.5.1.1.1}{\376\377\0005\000.\0001\000.\0001\000.\0001\000\040\000o\000n\000\137\000c\000o\000n\000n\000e\000c\000t\000\050\000\051}{subsection.5.1.1}% 11
\BOOKMARK [3][-]{subsubsection.5.1.1.2}{\376\377\0005\000.\0001\000.\0001\000.\0002\000\040\000o\000n\000\137\000d\000i\000s\000c\000o\000n\000n\000e\000c\000t\000\050\000\051}{subsection.5.1.1}% 12
\BOOKMARK [2][-]{subsection.5.1.2}{\376\377\0005\000.\0001\000.\0002\000\040\000V\000a\000r\000i\000a\000b\000l\000e\000\040\000D\000o\000c\000u\000m\000e\000n\000t\000a\000t\000i\000o\000n}{section.5.1}% 13
\BOOKMARK [3][-]{subsubsection.5.1.2.1}{\376\377\0005\000.\0001\000.\0002\000.\0001\000\040\000b\000a\000d\000\137\000c\000o\000n\000n\000e\000c\000t\000i\000o\000n\000\137\000f\000l\000a\000g}{subsection.5.1.2}% 14
\BOOKMARK [3][-]{subsubsection.5.1.2.2}{\376\377\0005\000.\0001\000.\0002\000.\0002\000\040\000b\000r\000o\000k\000e\000r}{subsection.5.1.2}% 15
\BOOKMARK [3][-]{subsubsection.5.1.2.3}{\376\377\0005\000.\0001\000.\0002\000.\0003\000\040\000c\000l\000i\000e\000n\000t}{subsection.5.1.2}% 16
\BOOKMARK [3][-]{subsubsection.5.1.2.4}{\376\377\0005\000.\0001\000.\0002\000.\0004\000\040\000c\000o\000n}{subsection.5.1.2}% 17
\BOOKMARK [3][-]{subsubsection.5.1.2.5}{\376\377\0005\000.\0001\000.\0002\000.\0005\000\040\000c\000o\000n\000\137\000l\000o\000c\000a\000l}{subsection.5.1.2}% 18
\BOOKMARK [3][-]{subsubsection.5.1.2.6}{\376\377\0005\000.\0001\000.\0002\000.\0006\000\040\000c\000o\000n\000\137\000u\000s\000e\000r}{subsection.5.1.2}% 19
\BOOKMARK [3][-]{subsubsection.5.1.2.7}{\376\377\0005\000.\0001\000.\0002\000.\0007\000\040\000c\000o\000n\000\137\000u\000s\000e\000r\000\137\000l\000o\000c\000a\000l}{subsection.5.1.2}% 20
\BOOKMARK [3][-]{subsubsection.5.1.2.8}{\376\377\0005\000.\0001\000.\0002\000.\0008\000\040\000c\000o\000n\000n\000e\000c\000t\000e\000d\000\137\000f\000l\000a\000g}{subsection.5.1.2}% 21
\BOOKMARK [3][-]{subsubsection.5.1.2.9}{\376\377\0005\000.\0001\000.\0002\000.\0009\000\040\000c\000o\000n\000t\000r\000o\000l\000\137\000p\000i\000n}{subsection.5.1.2}% 22
\BOOKMARK [3][-]{subsubsection.5.1.2.10}{\376\377\0005\000.\0001\000.\0002\000.\0001\0000\000\040\000c\000u\000r}{subsection.5.1.2}% 23
\BOOKMARK [3][-]{subsubsection.5.1.2.11}{\376\377\0005\000.\0001\000.\0002\000.\0001\0001\000\040\000c\000u\000r\000\137\000l\000o\000c\000a\000l}{subsection.5.1.2}% 24
\BOOKMARK [3][-]{subsubsection.5.1.2.12}{\376\377\0005\000.\0001\000.\0002\000.\0001\0002\000\040\000c\000u\000r\000\137\000u\000s\000e\000r}{subsection.5.1.2}% 25
\BOOKMARK [3][-]{subsubsection.5.1.2.13}{\376\377\0005\000.\0001\000.\0002\000.\0001\0003\000\040\000c\000u\000r\000\137\000u\000s\000e\000r\000\137\000l\000o\000c\000a\000l}{subsection.5.1.2}% 26
\BOOKMARK [3][-]{subsubsection.5.1.2.14}{\376\377\0005\000.\0001\000.\0002\000.\0001\0004\000\040\000c\000u\000r\000r\000e\000n\000t\000\137\000t\000i\000m\000e}{subsection.5.1.2}% 27
\BOOKMARK [3][-]{subsubsection.5.1.2.15}{\376\377\0005\000.\0001\000.\0002\000.\0001\0005\000\040\000d\000a\000t\000a}{subsection.5.1.2}% 28
\BOOKMARK [3][-]{subsubsection.5.1.2.16}{\376\377\0005\000.\0001\000.\0002\000.\0001\0006\000\040\000d\000a\000t\000a\000R\000e\000f\0001}{subsection.5.1.2}% 29
\BOOKMARK [3][-]{subsubsection.5.1.2.17}{\376\377\0005\000.\0001\000.\0002\000.\0001\0007\000\040\000d\000a\000t\000a\000S\000e\000n\000d}{subsection.5.1.2}% 30
\BOOKMARK [3][-]{subsubsection.5.1.2.18}{\376\377\0005\000.\0001\000.\0002\000.\0001\0008\000\040\000e\000r\000r\000\137\000c\000n\000t}{subsection.5.1.2}% 31
\BOOKMARK [3][-]{subsubsection.5.1.2.19}{\376\377\0005\000.\0001\000.\0002\000.\0001\0009\000\040\000M\000e\000s\000s\000a\000g\000e}{subsection.5.1.2}% 32
\BOOKMARK [3][-]{subsubsection.5.1.2.20}{\376\377\0005\000.\0001\000.\0002\000.\0002\0000\000\040\000m\000e\000t\000e\000r\0001}{subsection.5.1.2}% 33
\BOOKMARK [3][-]{subsubsection.5.1.2.21}{\376\377\0005\000.\0001\000.\0002\000.\0002\0001\000\040\000m\000e\000t\000e\000r\0002}{subsection.5.1.2}% 34
\BOOKMARK [3][-]{subsubsection.5.1.2.22}{\376\377\0005\000.\0001\000.\0002\000.\0002\0002\000\040\000m\000e\000t\000e\000r\0003}{subsection.5.1.2}% 35
\BOOKMARK [3][-]{subsubsection.5.1.2.23}{\376\377\0005\000.\0001\000.\0002\000.\0002\0003\000\040\000m\000e\000t\000e\000r\0004}{subsection.5.1.2}% 36
\BOOKMARK [3][-]{subsubsection.5.1.2.24}{\376\377\0005\000.\0001\000.\0002\000.\0002\0004\000\040\000m\000e\000t\000e\000r\0005}{subsection.5.1.2}% 37
\BOOKMARK [3][-]{subsubsection.5.1.2.25}{\376\377\0005\000.\0001\000.\0002\000.\0002\0005\000\040\000o\000n\000\137\000c\000o\000n\000n\000e\000c\000t}{subsection.5.1.2}% 38
\BOOKMARK [3][-]{subsubsection.5.1.2.26}{\376\377\0005\000.\0001\000.\0002\000.\0002\0006\000\040\000o\000n\000\137\000d\000i\000s\000c\000o\000n\000n\000e\000c\000t}{subsection.5.1.2}% 39
\BOOKMARK [3][-]{subsubsection.5.1.2.27}{\376\377\0005\000.\0001\000.\0002\000.\0002\0007\000\040\000p\000a\000t\000h}{subsection.5.1.2}% 40
\BOOKMARK [3][-]{subsubsection.5.1.2.28}{\376\377\0005\000.\0001\000.\0002\000.\0002\0008\000\040\000p\000a\000t\000h\000\137\000l\000o\000c\000a\000l}{subsection.5.1.2}% 41
\BOOKMARK [3][-]{subsubsection.5.1.2.29}{\376\377\0005\000.\0001\000.\0002\000.\0002\0009\000\040\000p\000a\000t\000h\000\137\000l\000o\000c\000a\000l\000\137\000u\000s\000e\000r}{subsection.5.1.2}% 42
\BOOKMARK [3][-]{subsubsection.5.1.2.30}{\376\377\0005\000.\0001\000.\0002\000.\0003\0000\000\040\000p\000a\000t\000h\000\137\000u\000s\000e\000r}{subsection.5.1.2}% 43
\BOOKMARK [3][-]{subsubsection.5.1.2.31}{\376\377\0005\000.\0001\000.\0002\000.\0003\0001\000\040\000r\000e\000a\000d\000i\000n\000g}{subsection.5.1.2}% 44
\BOOKMARK [3][-]{subsubsection.5.1.2.32}{\376\377\0005\000.\0001\000.\0002\000.\0003\0002\000\040\000r\000e\000a\000d\000i\000n\000g\000C\000T\0001}{subsection.5.1.2}% 45
\BOOKMARK [3][-]{subsubsection.5.1.2.33}{\376\377\0005\000.\0001\000.\0002\000.\0003\0003\000\040\000r\000e\000a\000d\000i\000n\000g\000P\000T\0001}{subsection.5.1.2}% 46
\BOOKMARK [3][-]{subsubsection.5.1.2.34}{\376\377\0005\000.\0001\000.\0002\000.\0003\0004\000\040\000r\000e\000a\000d\000i\000n\000g\000P\000T\0002}{subsection.5.1.2}% 47
\BOOKMARK [3][-]{subsubsection.5.1.2.35}{\376\377\0005\000.\0001\000.\0002\000.\0003\0005\000\040\000s\000e\000t\000P\000o\000i\000n\000t}{subsection.5.1.2}% 48
\BOOKMARK [3][-]{subsubsection.5.1.2.36}{\376\377\0005\000.\0001\000.\0002\000.\0003\0006\000\040\000t\000i\000m\000e\000\137\000s\000e\000n\000d}{subsection.5.1.2}% 49
\BOOKMARK [1][-]{section.5.2}{\376\377\0005\000.\0002\000\040\000M\000I\000C\0003\000\040\000N\000a\000m\000e\000s\000p\000a\000c\000e\000\040\000R\000e\000f\000e\000r\000e\000n\000c\000e}{chapter.5}% 50
\BOOKMARK [2][-]{subsection.5.2.1}{\376\377\0005\000.\0002\000.\0001\000\040\000V\000a\000r\000i\000a\000b\000l\000e\000\040\000D\000o\000c\000u\000m\000e\000n\000t\000a\000t\000i\000o\000n}{section.5.2}% 51
\BOOKMARK [3][-]{subsubsection.5.2.1.1}{\376\377\0005\000.\0002\000.\0001\000.\0001\000\040\000C\000R\000C\000\137\000e\000r\000r\000o\000r}{subsection.5.2.1}% 52
\BOOKMARK [3][-]{subsubsection.5.2.1.2}{\376\377\0005\000.\0002\000.\0001\000.\0002\000\040\000D\000a\000t\000a\000\137\000e\000r\000r\000o\000r}{subsection.5.2.1}% 53
\BOOKMARK [3][-]{subsubsection.5.2.1.3}{\376\377\0005\000.\0002\000.\0001\000.\0003\000\040\000N\000o\000\137\000e\000r\000r\000o\000r}{subsection.5.2.1}% 54
\BOOKMARK [3][-]{subsubsection.5.2.1.4}{\376\377\0005\000.\0002\000.\0001\000.\0004\000\040\000s\000e\000r}{subsection.5.2.1}% 55
\BOOKMARK [3][-]{subsubsection.5.2.1.5}{\376\377\0005\000.\0002\000.\0001\000.\0005\000\040\000T\000r\000a\000n\000s\000\137\000e\000r\000r\000o\000r}{subsection.5.2.1}% 56
\BOOKMARK [1][-]{section.5.3}{\376\377\0005\000.\0003\000\040\000S\000Q\000L\000f\000u\000n\000c\000t\000i\000o\000n\000\040\000N\000a\000m\000e\000s\000p\000a\000c\000e\000\040\000R\000e\000f\000e\000r\000e\000n\000c\000e}{chapter.5}% 57
\BOOKMARK [2][-]{subsection.5.3.1}{\376\377\0005\000.\0003\000.\0001\000\040\000F\000u\000n\000c\000t\000i\000o\000n\000\040\000D\000o\000c\000u\000m\000e\000n\000t\000a\000t\000i\000o\000n}{section.5.3}% 58
\BOOKMARK [3][-]{subsubsection.5.3.1.1}{\376\377\0005\000.\0003\000.\0001\000.\0001\000\040\000n\000e\000w\000\137\000p\000h\000o\000t\000o\000n\000M\000e\000a\000s\000u\000r\000e\000\137\000c\000a\000l\000l\000b\000a\000c\000k\000\050\000\051}{subsection.5.3.1}% 59
\BOOKMARK [3][-]{subsubsection.5.3.1.2}{\376\377\0005\000.\0003\000.\0001\000.\0002\000\040\000o\000l\000d\000\137\000p\000h\000o\000t\000o\000n\000M\000e\000a\000s\000u\000r\000e\000\137\000c\000a\000l\000l\000b\000a\000c\000k\000\050\000\051}{subsection.5.3.1}% 60
\BOOKMARK [3][-]{subsubsection.5.3.1.3}{\376\377\0005\000.\0003\000.\0001\000.\0003\000\040\000o\000n\000\137\000c\000o\000n\000n\000e\000c\000t\000\050\000\051}{subsection.5.3.1}% 61
\BOOKMARK [3][-]{subsubsection.5.3.1.4}{\376\377\0005\000.\0003\000.\0001\000.\0004\000\040\000o\000n\000\137\000d\000i\000s\000c\000o\000n\000n\000e\000c\000t\000\050\000\051}{subsection.5.3.1}% 62
\BOOKMARK [3][-]{subsubsection.5.3.1.5}{\376\377\0005\000.\0003\000.\0001\000.\0005\000\040\000s\000e\000n\000d\000\137\000a\000d\000m\000i\000n\000\050\000\051}{subsection.5.3.1}% 63
\BOOKMARK [3][-]{subsubsection.5.3.1.6}{\376\377\0005\000.\0003\000.\0001\000.\0006\000\040\000s\000e\000n\000d\000\137\000e\000m\000a\000i\000l\000\050\000\051}{subsection.5.3.1}% 64
\BOOKMARK [3][-]{subsubsection.5.3.1.7}{\376\377\0005\000.\0003\000.\0001\000.\0007\000\040\000u\000p\000d\000a\000t\000e\000\137\000c\000a\000l\000l\000b\000a\000c\000k\000\050\000\051}{subsection.5.3.1}% 65
\BOOKMARK [2][-]{subsection.5.3.2}{\376\377\0005\000.\0003\000.\0002\000\040\000V\000a\000r\000i\000a\000b\000l\000e\000\040\000D\000o\000c\000u\000m\000e\000n\000t\000a\000t\000i\000o\000n}{section.5.3}% 66
\BOOKMARK [3][-]{subsubsection.5.3.2.1}{\376\377\0005\000.\0003\000.\0002\000.\0001\000\040\000b\000a\000d\000\137\000c\000o\000n\000n\000e\000c\000t\000i\000o\000n\000\137\000f\000l\000a\000g}{subsection.5.3.2}% 67
\BOOKMARK [3][-]{subsubsection.5.3.2.2}{\376\377\0005\000.\0003\000.\0002\000.\0002\000\040\000b\000r\000o\000k\000e\000r}{subsection.5.3.2}% 68
\BOOKMARK [3][-]{subsubsection.5.3.2.3}{\376\377\0005\000.\0003\000.\0002\000.\0003\000\040\000c\000l\000i\000e\000n\000t}{subsection.5.3.2}% 69
\BOOKMARK [3][-]{subsubsection.5.3.2.4}{\376\377\0005\000.\0003\000.\0002\000.\0004\000\040\000c\000o\000n}{subsection.5.3.2}% 70
\BOOKMARK [3][-]{subsubsection.5.3.2.5}{\376\377\0005\000.\0003\000.\0002\000.\0005\000\040\000c\000o\000n\000\137\000l\000o\000c\000a\000l}{subsection.5.3.2}% 71
\BOOKMARK [3][-]{subsubsection.5.3.2.6}{\376\377\0005\000.\0003\000.\0002\000.\0006\000\040\000c\000o\000n\000n\000e\000c\000t\000e\000d\000\137\000f\000l\000a\000g}{subsection.5.3.2}% 72
\BOOKMARK [3][-]{subsubsection.5.3.2.7}{\376\377\0005\000.\0003\000.\0002\000.\0007\000\040\000c\000u\000r}{subsection.5.3.2}% 73
\BOOKMARK [3][-]{subsubsection.5.3.2.8}{\376\377\0005\000.\0003\000.\0002\000.\0008\000\040\000c\000u\000r\000\137\000l\000o\000c\000a\000l}{subsection.5.3.2}% 74
\BOOKMARK [3][-]{subsubsection.5.3.2.9}{\376\377\0005\000.\0003\000.\0002\000.\0009\000\040\000c\000u\000r\000r\000e\000n\000t\000\137\000t\000i\000m\000e}{subsection.5.3.2}% 75
\BOOKMARK [3][-]{subsubsection.5.3.2.10}{\376\377\0005\000.\0003\000.\0002\000.\0001\0000\000\040\000d\000a\000t\000a\000R\000e\000f\0001}{subsection.5.3.2}% 76
\BOOKMARK [3][-]{subsubsection.5.3.2.11}{\376\377\0005\000.\0003\000.\0002\000.\0001\0001\000\040\000D\000I\000S\000C\000O\000N\000N\000E\000C\000T\000\137\000T\000I\000M\000E}{subsection.5.3.2}% 77
\BOOKMARK [3][-]{subsubsection.5.3.2.12}{\376\377\0005\000.\0003\000.\0002\000.\0001\0002\000\040\000e\000m\000a\000i\000l\000\137\000c\000n\000t\000r}{subsection.5.3.2}% 78
\BOOKMARK [3][-]{subsubsection.5.3.2.13}{\376\377\0005\000.\0003\000.\0002\000.\0001\0003\000\040\000e\000m\000a\000i\000l\000\137\000c\000o\000n\000t\000e\000x\000t}{subsection.5.3.2}% 79
\BOOKMARK [3][-]{subsubsection.5.3.2.14}{\376\377\0005\000.\0003\000.\0002\000.\0001\0004\000\040\000e\000m\000a\000i\000l\000\137\000m\000e\000s\000s\000a\000g\000e}{subsection.5.3.2}% 80
\BOOKMARK [3][-]{subsubsection.5.3.2.15}{\376\377\0005\000.\0003\000.\0002\000.\0001\0005\000\040\000e\000r\000r\000\137\000c\000n\000t}{subsection.5.3.2}% 81
\BOOKMARK [3][-]{subsubsection.5.3.2.16}{\376\377\0005\000.\0003\000.\0002\000.\0001\0006\000\040\000o\000n\000\137\000c\000o\000n\000n\000e\000c\000t}{subsection.5.3.2}% 82
\BOOKMARK [3][-]{subsubsection.5.3.2.17}{\376\377\0005\000.\0003\000.\0002\000.\0001\0007\000\040\000o\000n\000\137\000d\000i\000s\000c\000o\000n\000n\000e\000c\000t}{subsection.5.3.2}% 83
\BOOKMARK [3][-]{subsubsection.5.3.2.18}{\376\377\0005\000.\0003\000.\0002\000.\0001\0008\000\040\000p\000a\000t\000h}{subsection.5.3.2}% 84
\BOOKMARK [3][-]{subsubsection.5.3.2.19}{\376\377\0005\000.\0003\000.\0002\000.\0001\0009\000\040\000p\000a\000t\000h\000\137\000l\000o\000c\000a\000l}{subsection.5.3.2}% 85
\BOOKMARK [3][-]{subsubsection.5.3.2.20}{\376\377\0005\000.\0003\000.\0002\000.\0002\0000\000\040\000r\000e\000c\000e\000i\000v\000e\000r\000\137\000e\000m\000a\000i\000l}{subsection.5.3.2}% 86
\BOOKMARK [3][-]{subsubsection.5.3.2.21}{\376\377\0005\000.\0003\000.\0002\000.\0002\0001\000\040\000s\000e\000n\000d\000e\000r\000\137\000e\000m\000a\000i\000l}{subsection.5.3.2}% 87
\BOOKMARK [3][-]{subsubsection.5.3.2.22}{\376\377\0005\000.\0003\000.\0002\000.\0002\0002\000\040\000s\000e\000n\000d\000e\000r\000\137\000p\000a\000s\000s\000w\000o\000r\000d}{subsection.5.3.2}% 88
\BOOKMARK [3][-]{subsubsection.5.3.2.23}{\376\377\0005\000.\0003\000.\0002\000.\0002\0003\000\040\000s\000m\000t\000p\000\137\000s\000e\000r\000v\000e\000r}{subsection.5.3.2}% 89
\BOOKMARK [3][-]{subsubsection.5.3.2.24}{\376\377\0005\000.\0003\000.\0002\000.\0002\0004\000\040\000S\000S\000L\000p\000o\000r\000t}{subsection.5.3.2}% 90
\BOOKMARK [0][-]{chapter.6}{\376\377\0006\000\040\000C\000l\000a\000s\000s\000\040\000D\000o\000c\000u\000m\000e\000n\000t\000a\000t\000i\000o\000n}{}% 91
\BOOKMARK [1][-]{section.6.1}{\376\377\0006\000.\0001\000\040\000M\000I\000C\0003\000.\000M\000I\000C\0001\000\040\000C\000l\000a\000s\000s\000\040\000R\000e\000f\000e\000r\000e\000n\000c\000e}{chapter.6}% 92
\BOOKMARK [2][-]{subsection.6.1.1}{\376\377\0006\000.\0001\000.\0001\000\040\000D\000e\000t\000a\000i\000l\000e\000d\000\040\000D\000e\000s\000c\000r\000i\000p\000t\000i\000o\000n}{section.6.1}% 93
\BOOKMARK [2][-]{subsection.6.1.2}{\376\377\0006\000.\0001\000.\0002\000\040\000C\000o\000n\000s\000t\000r\000u\000c\000t\000o\000r\000\040\000\046\000\040\000D\000e\000s\000t\000r\000u\000c\000t\000o\000r\000\040\000D\000o\000c\000u\000m\000e\000n\000t\000a\000t\000i\000o\000n}{section.6.1}% 94
\BOOKMARK [3][-]{subsubsection.6.1.2.1}{\376\377\0006\000.\0001\000.\0002\000.\0001\000\040\000\137\000\137\000i\000n\000i\000t\000\137\000\137\000\050\000\051}{subsection.6.1.2}% 95
\BOOKMARK [2][-]{subsection.6.1.3}{\376\377\0006\000.\0001\000.\0003\000\040\000M\000e\000m\000b\000e\000r\000\040\000F\000u\000n\000c\000t\000i\000o\000n\000\040\000D\000o\000c\000u\000m\000e\000n\000t\000a\000t\000i\000o\000n}{section.6.1}% 96
\BOOKMARK [3][-]{subsubsection.6.1.3.1}{\376\377\0006\000.\0001\000.\0003\000.\0001\000\040\000r\000e\000a\000d\000A\000p\000p\000a\000r\000e\000n\000t\000P\000o\000w\000e\000r\000\050\000\051}{subsection.6.1.3}% 97
\BOOKMARK [3][-]{subsubsection.6.1.3.2}{\376\377\0006\000.\0001\000.\0003\000.\0002\000\040\000r\000e\000a\000d\000C\000T\0001\000\050\000\051}{subsection.6.1.3}% 98
\BOOKMARK [3][-]{subsubsection.6.1.3.3}{\376\377\0006\000.\0001\000.\0003\000.\0003\000\040\000r\000e\000a\000d\000F\000r\000e\000q\000u\000e\000n\000c\000y\000\050\000\051}{subsection.6.1.3}% 99
\BOOKMARK [3][-]{subsubsection.6.1.3.4}{\376\377\0006\000.\0001\000.\0003\000.\0004\000\040\000r\000e\000a\000d\000P\000h\000a\000s\000e\000C\000u\000r\000r\000e\000n\000t\000\050\000\051}{subsection.6.1.3}% 100
\BOOKMARK [3][-]{subsubsection.6.1.3.5}{\376\377\0006\000.\0001\000.\0003\000.\0005\000\040\000r\000e\000a\000d\000P\000h\000a\000s\000e\000P\000o\000w\000e\000r\000\050\000\051}{subsection.6.1.3}% 101
\BOOKMARK [3][-]{subsubsection.6.1.3.6}{\376\377\0006\000.\0001\000.\0003\000.\0006\000\040\000r\000e\000a\000d\000P\000h\000a\000s\000e\000V\000o\000l\000t\000a\000g\000e\000\050\000\051}{subsection.6.1.3}% 102
\BOOKMARK [3][-]{subsubsection.6.1.3.7}{\376\377\0006\000.\0001\000.\0003\000.\0007\000\040\000r\000e\000a\000d\000P\000o\000w\000e\000r\000F\000a\000c\000t\000o\000r\000\050\000\051}{subsection.6.1.3}% 103
\BOOKMARK [3][-]{subsubsection.6.1.3.8}{\376\377\0006\000.\0001\000.\0003\000.\0008\000\040\000r\000e\000a\000d\000P\000T\0001\000\050\000\051}{subsection.6.1.3}% 104
\BOOKMARK [3][-]{subsubsection.6.1.3.9}{\376\377\0006\000.\0001\000.\0003\000.\0009\000\040\000r\000e\000a\000d\000P\000T\0002\000\050\000\051}{subsection.6.1.3}% 105
\BOOKMARK [3][-]{subsubsection.6.1.3.10}{\376\377\0006\000.\0001\000.\0003\000.\0001\0000\000\040\000r\000e\000a\000d\000R\000e\000a\000c\000t\000i\000v\000e\000P\000o\000w\000e\000r\000\050\000\051}{subsection.6.1.3}% 106
\BOOKMARK [2][-]{subsection.6.1.4}{\376\377\0006\000.\0001\000.\0004\000\040\000M\000e\000m\000b\000e\000r\000\040\000D\000a\000t\000a\000\040\000D\000o\000c\000u\000m\000e\000n\000t\000a\000t\000i\000o\000n}{section.6.1}% 107
\BOOKMARK [3][-]{subsubsection.6.1.4.1}{\376\377\0006\000.\0001\000.\0004\000.\0001\000\040\000\137\000\137\000A\000d\000d\000r\000e\000s\000s}{subsection.6.1.4}% 108
\BOOKMARK [3][-]{subsubsection.6.1.4.2}{\376\377\0006\000.\0001\000.\0004\000.\0002\000\040\000\137\000\137\000C\000o\000n\000t\000r\000o\000l}{subsection.6.1.4}% 109
\BOOKMARK [3][-]{subsubsection.6.1.4.3}{\376\377\0006\000.\0001\000.\0004\000.\0003\000\040\000\137\000\137\000C\000T\0001}{subsection.6.1.4}% 110
\BOOKMARK [3][-]{subsubsection.6.1.4.4}{\376\377\0006\000.\0001\000.\0004\000.\0004\000\040\000\137\000\137\000F}{subsection.6.1.4}% 111
\BOOKMARK [3][-]{subsubsection.6.1.4.5}{\376\377\0006\000.\0001\000.\0004\000.\0005\000\040\000\137\000\137\000I\0001}{subsection.6.1.4}% 112
\BOOKMARK [3][-]{subsubsection.6.1.4.6}{\376\377\0006\000.\0001\000.\0004\000.\0006\000\040\000\137\000\137\000I\0002}{subsection.6.1.4}% 113
\BOOKMARK [3][-]{subsubsection.6.1.4.7}{\376\377\0006\000.\0001\000.\0004\000.\0007\000\040\000\137\000\137\000I\0003}{subsection.6.1.4}% 114
\BOOKMARK [3][-]{subsubsection.6.1.4.8}{\376\377\0006\000.\0001\000.\0004\000.\0008\000\040\000\137\000\137\000P\0001}{subsection.6.1.4}% 115
\BOOKMARK [3][-]{subsubsection.6.1.4.9}{\376\377\0006\000.\0001\000.\0004\000.\0009\000\040\000\137\000\137\000P\0002}{subsection.6.1.4}% 116
\BOOKMARK [3][-]{subsubsection.6.1.4.10}{\376\377\0006\000.\0001\000.\0004\000.\0001\0000\000\040\000\137\000\137\000P\0003}{subsection.6.1.4}% 117
\BOOKMARK [3][-]{subsubsection.6.1.4.11}{\376\377\0006\000.\0001\000.\0004\000.\0001\0001\000\040\000\137\000\137\000P\000F\0001}{subsection.6.1.4}% 118
\BOOKMARK [3][-]{subsubsection.6.1.4.12}{\376\377\0006\000.\0001\000.\0004\000.\0001\0002\000\040\000\137\000\137\000P\000F\0002}{subsection.6.1.4}% 119
\BOOKMARK [3][-]{subsubsection.6.1.4.13}{\376\377\0006\000.\0001\000.\0004\000.\0001\0003\000\040\000\137\000\137\000P\000F\0003}{subsection.6.1.4}% 120
\BOOKMARK [3][-]{subsubsection.6.1.4.14}{\376\377\0006\000.\0001\000.\0004\000.\0001\0004\000\040\000\137\000\137\000P\000T\0001}{subsection.6.1.4}% 121
\BOOKMARK [3][-]{subsubsection.6.1.4.15}{\376\377\0006\000.\0001\000.\0004\000.\0001\0005\000\040\000\137\000\137\000P\000T\0002}{subsection.6.1.4}% 122
\BOOKMARK [3][-]{subsubsection.6.1.4.16}{\376\377\0006\000.\0001\000.\0004\000.\0001\0006\000\040\000\137\000\137\000Q\0001}{subsection.6.1.4}% 123
\BOOKMARK [3][-]{subsubsection.6.1.4.17}{\376\377\0006\000.\0001\000.\0004\000.\0001\0007\000\040\000\137\000\137\000Q\0002}{subsection.6.1.4}% 124
\BOOKMARK [3][-]{subsubsection.6.1.4.18}{\376\377\0006\000.\0001\000.\0004\000.\0001\0008\000\040\000\137\000\137\000Q\0003}{subsection.6.1.4}% 125
\BOOKMARK [3][-]{subsubsection.6.1.4.19}{\376\377\0006\000.\0001\000.\0004\000.\0001\0009\000\040\000\137\000\137\000S\0001}{subsection.6.1.4}% 126
\BOOKMARK [3][-]{subsubsection.6.1.4.20}{\376\377\0006\000.\0001\000.\0004\000.\0002\0000\000\040\000\137\000\137\000S\0002}{subsection.6.1.4}% 127
\BOOKMARK [3][-]{subsubsection.6.1.4.21}{\376\377\0006\000.\0001\000.\0004\000.\0002\0001\000\040\000\137\000\137\000S\0003}{subsection.6.1.4}% 128
\BOOKMARK [3][-]{subsubsection.6.1.4.22}{\376\377\0006\000.\0001\000.\0004\000.\0002\0002\000\040\000\137\000\137\000V\0001}{subsection.6.1.4}% 129
\BOOKMARK [3][-]{subsubsection.6.1.4.23}{\376\377\0006\000.\0001\000.\0004\000.\0002\0003\000\040\000\137\000\137\000V\0002}{subsection.6.1.4}% 130
\BOOKMARK [3][-]{subsubsection.6.1.4.24}{\376\377\0006\000.\0001\000.\0004\000.\0002\0004\000\040\000\137\000\137\000V\0003}{subsection.6.1.4}% 131
\BOOKMARK [1][-]{section.6.2}{\376\377\0006\000.\0002\000\040\000M\000I\000C\0003\000.\000M\000I\000C\0002\000\040\000C\000l\000a\000s\000s\000\040\000R\000e\000f\000e\000r\000e\000n\000c\000e}{chapter.6}% 132
\BOOKMARK [2][-]{subsection.6.2.1}{\376\377\0006\000.\0002\000.\0001\000\040\000D\000e\000t\000a\000i\000l\000e\000d\000\040\000D\000e\000s\000c\000r\000i\000p\000t\000i\000o\000n}{section.6.2}% 133
\BOOKMARK [2][-]{subsection.6.2.2}{\376\377\0006\000.\0002\000.\0002\000\040\000C\000o\000n\000s\000t\000r\000u\000c\000t\000o\000r\000\040\000\046\000\040\000D\000e\000s\000t\000r\000u\000c\000t\000o\000r\000\040\000D\000o\000c\000u\000m\000e\000n\000t\000a\000t\000i\000o\000n}{section.6.2}% 134
\BOOKMARK [3][-]{subsubsection.6.2.2.1}{\376\377\0006\000.\0002\000.\0002\000.\0001\000\040\000\137\000\137\000i\000n\000i\000t\000\137\000\137\000\050\000\051}{subsection.6.2.2}% 135
\BOOKMARK [2][-]{subsection.6.2.3}{\376\377\0006\000.\0002\000.\0003\000\040\000M\000e\000m\000b\000e\000r\000\040\000F\000u\000n\000c\000t\000i\000o\000n\000\040\000D\000o\000c\000u\000m\000e\000n\000t\000a\000t\000i\000o\000n}{section.6.2}% 136
\BOOKMARK [3][-]{subsubsection.6.2.3.1}{\376\377\0006\000.\0002\000.\0003\000.\0001\000\040\000r\000e\000a\000d\000F\000r\000e\000q\000u\000e\000n\000c\000y\000\050\000\051}{subsection.6.2.3}% 137
\BOOKMARK [3][-]{subsubsection.6.2.3.2}{\376\377\0006\000.\0002\000.\0003\000.\0002\000\040\000r\000e\000a\000d\000P\000h\000a\000s\000e\000C\000u\000r\000r\000e\000n\000t\000\050\000\051}{subsection.6.2.3}% 138
\BOOKMARK [3][-]{subsubsection.6.2.3.3}{\376\377\0006\000.\0002\000.\0003\000.\0003\000\040\000r\000e\000a\000d\000P\000h\000a\000s\000e\000P\000o\000w\000e\000r\000\050\000\051}{subsection.6.2.3}% 139
\BOOKMARK [3][-]{subsubsection.6.2.3.4}{\376\377\0006\000.\0002\000.\0003\000.\0004\000\040\000r\000e\000a\000d\000P\000h\000a\000s\000e\000V\000o\000l\000t\000a\000g\000e\000\050\000\051}{subsection.6.2.3}% 140
\BOOKMARK [2][-]{subsection.6.2.4}{\376\377\0006\000.\0002\000.\0004\000\040\000M\000e\000m\000b\000e\000r\000\040\000D\000a\000t\000a\000\040\000D\000o\000c\000u\000m\000e\000n\000t\000a\000t\000i\000o\000n}{section.6.2}% 141
\BOOKMARK [3][-]{subsubsection.6.2.4.1}{\376\377\0006\000.\0002\000.\0004\000.\0001\000\040\000\137\000\137\000A\000d\000d\000r\000e\000s\000s}{subsection.6.2.4}% 142
\BOOKMARK [3][-]{subsubsection.6.2.4.2}{\376\377\0006\000.\0002\000.\0004\000.\0002\000\040\000\137\000\137\000C\000o\000n\000t\000r\000o\000l}{subsection.6.2.4}% 143
\BOOKMARK [3][-]{subsubsection.6.2.4.3}{\376\377\0006\000.\0002\000.\0004\000.\0003\000\040\000\137\000\137\000F}{subsection.6.2.4}% 144
\BOOKMARK [3][-]{subsubsection.6.2.4.4}{\376\377\0006\000.\0002\000.\0004\000.\0004\000\040\000\137\000\137\000I\0001}{subsection.6.2.4}% 145
\BOOKMARK [3][-]{subsubsection.6.2.4.5}{\376\377\0006\000.\0002\000.\0004\000.\0005\000\040\000\137\000\137\000I\0002}{subsection.6.2.4}% 146
\BOOKMARK [3][-]{subsubsection.6.2.4.6}{\376\377\0006\000.\0002\000.\0004\000.\0006\000\040\000\137\000\137\000I\0003}{subsection.6.2.4}% 147
\BOOKMARK [3][-]{subsubsection.6.2.4.7}{\376\377\0006\000.\0002\000.\0004\000.\0007\000\040\000\137\000\137\000P\0001}{subsection.6.2.4}% 148
\BOOKMARK [3][-]{subsubsection.6.2.4.8}{\376\377\0006\000.\0002\000.\0004\000.\0008\000\040\000\137\000\137\000P\0002}{subsection.6.2.4}% 149
\BOOKMARK [3][-]{subsubsection.6.2.4.9}{\376\377\0006\000.\0002\000.\0004\000.\0009\000\040\000\137\000\137\000P\0003}{subsection.6.2.4}% 150
\BOOKMARK [3][-]{subsubsection.6.2.4.10}{\376\377\0006\000.\0002\000.\0004\000.\0001\0000\000\040\000\137\000\137\000V\0001}{subsection.6.2.4}% 151
\BOOKMARK [3][-]{subsubsection.6.2.4.11}{\376\377\0006\000.\0002\000.\0004\000.\0001\0001\000\040\000\137\000\137\000V\0002}{subsection.6.2.4}% 152
\BOOKMARK [3][-]{subsubsection.6.2.4.12}{\376\377\0006\000.\0002\000.\0004\000.\0001\0002\000\040\000\137\000\137\000V\0003}{subsection.6.2.4}% 153
\BOOKMARK [0][-]{chapter.7}{\376\377\0007\000\040\000F\000i\000l\000e\000\040\000D\000o\000c\000u\000m\000e\000n\000t\000a\000t\000i\000o\000n}{}% 154
\BOOKMARK [1][-]{section.7.1}{\376\377\0007\000.\0001\000\040\000M\000o\000d\000b\000u\000s\000/\000m\000a\000i\000n\0003\000.\000p\000y\000\040\000F\000i\000l\000e\000\040\000R\000e\000f\000e\000r\000e\000n\000c\000e}{chapter.7}% 155
\BOOKMARK [1][-]{section.7.2}{\376\377\0007\000.\0002\000\040\000M\000o\000d\000b\000u\000s\000/\000M\000I\000C\0003\000.\000p\000y\000\040\000F\000i\000l\000e\000\040\000R\000e\000f\000e\000r\000e\000n\000c\000e}{chapter.7}% 156
\BOOKMARK [1][-]{section.7.3}{\376\377\0007\000.\0003\000\040\000R\000E\000A\000D\000M\000E\000.\000m\000d\000\040\000F\000i\000l\000e\000\040\000R\000e\000f\000e\000r\000e\000n\000c\000e}{chapter.7}% 157
\BOOKMARK [1][-]{section.7.4}{\376\377\0007\000.\0004\000\040\000u\000s\000e\000r\000I\000D\000/\000S\000Q\000L\000f\000u\000n\000c\000t\000i\000o\000n\000.\000p\000y\000\040\000F\000i\000l\000e\000\040\000R\000e\000f\000e\000r\000e\000n\000c\000e}{chapter.7}% 158
\BOOKMARK [0][-]{section*.25}{\376\377\000I\000n\000d\000e\000x}{}% 159
